<?xml version="1.0" encoding="UTF-8"?>
<!-- Generated by org.testng.reporters.JUnitReportReporter -->
<testsuite hostname="Macro" failures="0" tests="1" name="com.RestAssured.ReqesAllUser" time="0.019" errors="0" timestamp="2024-09-10T20:28:05 IST" skipped="0">
  <testcase classname="com.RestAssured.ReqesAllUser" name="ValidateReqesIndUser" time="0.019"/>
</testsuite> <!-- com.RestAssured.ReqesAllUser -->
