<?xml version="1.0" encoding="UTF-8"?>
<!-- Generated by org.testng.reporters.JUnitReportReporter -->
<testsuite hostname="Macro" failures="0" tests="4" name="com.Projects.A05LoginAndLogout" time="1.564" errors="0" timestamp="2024-08-13T21:24:39 IST" skipped="0">
  <testcase classname="com.Projects.A05LoginAndLogout" name="login" time="1.042"/>
  <testcase classname="com.Projects.A05LoginAndLogout" name="success" time="0.047"/>
  <testcase classname="com.Projects.A05LoginAndLogout" name="menu" time="0.066"/>
  <testcase classname="com.Projects.A05LoginAndLogout" name="logout" time="0.409"/>
</testsuite> <!-- com.Projects.A05LoginAndLogout -->
