<?xml version="1.0" encoding="UTF-8"?>
<!-- Generated by org.testng.reporters.JUnitReportReporter -->
<testsuite hostname="Macro" failures="0" tests="1" name="com.Projects.A04FBdisplayTheErrorMessage" time="6.702" errors="0" timestamp="2024-08-11T20:00:08 IST" skipped="0">
  <testcase classname="com.Projects.A04FBdisplayTheErrorMessage" name="Username" time="6.702"/>
</testsuite> <!-- com.Projects.A04FBdisplayTheErrorMessage -->
