<?xml version="1.0" encoding="UTF-8"?>
<!-- Generated by org.testng.reporters.JUnitReportReporter -->
<testsuite hostname="Macro" failures="0" tests="1" name="com.MyTests.D04ReadFromExcel" time="0.009" errors="0" timestamp="2024-08-08T18:23:54 IST" skipped="0">
  <testcase classname="com.MyTests.D04ReadFromExcel" name="readData" time="0.009"/>
</testsuite> <!-- com.MyTests.D04ReadFromExcel -->
