<?xml version="1.0" encoding="UTF-8"?>
<!-- Generated by org.testng.reporters.JUnitReportReporter -->
<testsuite hostname="Macro" failures="0" tests="3" name="com.MyTests.D03TrialTest" time="0.010" errors="0" timestamp="2024-08-08T18:14:51 IST" skipped="0">
  <testcase classname="com.MyTests.D03TrialTest" name="test3" time="0.001"/>
  <testcase classname="com.MyTests.D03TrialTest" name="test2" time="0.002"/>
  <testcase classname="com.MyTests.D03TrialTest" name="test1" time="0.007"/>
</testsuite> <!-- com.MyTests.D03TrialTest -->
