<?xml version="1.0" encoding="UTF-8"?>
<!-- Generated by org.testng.reporters.JUnitReportReporter -->
<testsuite hostname="Macro" failures="0" tests="4" name="com.TestNGDemos.D04_1Before_Aftre_Method" time="13.898" errors="0" timestamp="2024-08-02T17:37:59 IST" skipped="0">
  <testcase classname="com.TestNGDemos.D04_1Before_Aftre_Method" name="Mesho" time="4.714"/>
  <testcase classname="com.TestNGDemos.D04_1Before_Aftre_Method" name="Flipkart" time="3.536"/>
  <testcase classname="com.TestNGDemos.D04_1Before_Aftre_Method" name="Amazon" time="3.316"/>
  <testcase classname="com.TestNGDemos.D04_1Before_Aftre_Method" name="Google" time="2.332"/>
</testsuite> <!-- com.TestNGDemos.D04_1Before_Aftre_Method -->
