<?xml version="1.0" encoding="UTF-8"?>
<!-- Generated by org.testng.reporters.JUnitReportReporter -->
<testsuite hostname="Macro" failures="0" tests="4" name="com.TestNGDemos.D05FirstCryAssignment" time="38.266" errors="0" timestamp="2024-08-11T16:52:23 IST" skipped="0">
  <testcase classname="com.TestNGDemos.D05FirstCryAssignment" name="clickOnBoysFashion" time="19.979"/>
  <testcase classname="com.TestNGDemos.D05FirstCryAssignment" name="clickOnGirlsFashion" time="5.730"/>
  <testcase classname="com.TestNGDemos.D05FirstCryAssignment" name="clickOnToys" time="6.665"/>
  <testcase classname="com.TestNGDemos.D05FirstCryAssignment" name="clickOnFootwear" time="5.892"/>
</testsuite> <!-- com.TestNGDemos.D05FirstCryAssignment -->
