<?xml version="1.0" encoding="UTF-8"?>
<!-- Generated by org.testng.reporters.JUnitReportReporter -->
<testsuite hostname="Macro" failures="0" tests="1" name="com.TestNGDemos.D13CreateStudentInfo" time="0.037" errors="0" timestamp="2024-08-02T21:05:25 IST" skipped="0">
  <testcase classname="com.TestNGDemos.D13CreateStudentInfo" name="writeTheData" time="0.037"/>
</testsuite> <!-- com.TestNGDemos.D13CreateStudentInfo -->
