<?xml version="1.0" encoding="UTF-8"?>
<!-- Generated by org.testng.reporters.JUnitReportReporter -->
<testsuite hostname="Macro" failures="0" tests="5" name="com.TestNGDemos.D14CreateLoginData" time="0.071" errors="0" timestamp="2024-08-02T21:24:27 IST" skipped="0">
  <testcase classname="com.TestNGDemos.D14CreateLoginData" name="writeData" time="0.010"/>
  <testcase classname="com.TestNGDemos.D14CreateLoginData" name="writeData" time="0.002"/>
  <testcase classname="com.TestNGDemos.D14CreateLoginData" name="writeData" time="0.010"/>
  <testcase classname="com.TestNGDemos.D14CreateLoginData" name="writeData" time="0.007"/>
  <testcase classname="com.TestNGDemos.D14CreateLoginData" name="writeData" time="0.042"/>
</testsuite> <!-- com.TestNGDemos.D14CreateLoginData -->
