<?xml version="1.0" encoding="UTF-8"?>
<!-- Generated by org.testng.reporters.JUnitReportReporter -->
<testsuite hostname="Macro" failures="0" tests="2" name="com.TestNGDemos.D01MyFirstTest" time="10.580" errors="0" timestamp="2024-07-29T20:41:43 IST" skipped="0">
  <testcase classname="com.TestNGDemos.D01MyFirstTest" name="openSelenium" time="10.567"/>
  <testcase classname="com.TestNGDemos.D01MyFirstTest" name="hellow" time="0.013"/>
</testsuite> <!-- com.TestNGDemos.D01MyFirstTest -->
