<?xml version="1.0" encoding="UTF-8"?>
<!-- Generated by org.testng.reporters.JUnitReportReporter -->
<testsuite hostname="Macro" failures="0" tests="4" name="com.TestNGDemos.D04Before_Aftre_Method" time="14.169" errors="0" timestamp="2024-07-30T19:27:50 IST" skipped="0">
  <testcase classname="com.TestNGDemos.D04Before_Aftre_Method" name="Mesho" time="4.372"/>
  <testcase classname="com.TestNGDemos.D04Before_Aftre_Method" name="Flipkart" time="3.192"/>
  <testcase classname="com.TestNGDemos.D04Before_Aftre_Method" name="Amazon" time="4.563"/>
  <testcase classname="com.TestNGDemos.D04Before_Aftre_Method" name="Google" time="2.042"/>
</testsuite> <!-- com.TestNGDemos.D04Before_Aftre_Method -->
