<?xml version="1.0" encoding="UTF-8"?>
<!-- Generated by org.testng.reporters.JUnitReportReporter -->
<testsuite hostname="Macro" failures="0" tests="3" name="com.TestNGDemos.D02MultipleTests" time="48.194" errors="0" timestamp="2024-08-02T19:52:55 IST" skipped="0">
  <testcase classname="com.TestNGDemos.D02MultipleTests" name="Google" time="10.866"/>
  <testcase classname="com.TestNGDemos.D02MultipleTests" name="Flipkart" time="18.348"/>
  <testcase classname="com.TestNGDemos.D02MultipleTests" name="Amazon" time="18.980"/>
</testsuite> <!-- com.TestNGDemos.D02MultipleTests -->
