<?xml version="1.0" encoding="UTF-8"?>
<!-- Generated by org.testng.reporters.JUnitReportReporter -->
<testsuite hostname="Macro" failures="0" tests="3" name="com.MyAssignments.A07OHRMLogin_Logout" time="9.519" errors="0" timestamp="2024-08-02T19:33:08 IST" skipped="0">
  <testcase classname="com.MyAssignments.A07OHRMLogin_Logout" name="loginToOHRM3" time="1.650"/>
  <testcase classname="com.MyAssignments.A07OHRMLogin_Logout" name="loginToOHRM2" time="3.446"/>
  <testcase classname="com.MyAssignments.A07OHRMLogin_Logout" name="loginToOHRM1" time="4.423"/>
</testsuite> <!-- com.MyAssignments.A07OHRMLogin_Logout -->
