<?xml version="1.0" encoding="UTF-8"?>
<!-- Generated by org.testng.reporters.JUnitReportReporter -->
<testsuite hostname="Macro" failures="0" tests="4" name="com.TestNGDemos.D03Before_After_Test" time="39.870" errors="0" timestamp="2024-07-30T19:11:14 IST" skipped="0">
  <testcase classname="com.TestNGDemos.D03Before_After_Test" name="Mesho" time="19.431"/>
  <testcase classname="com.TestNGDemos.D03Before_After_Test" name="Flipkart" time="13.845"/>
  <testcase classname="com.TestNGDemos.D03Before_After_Test" name="Amazon" time="3.978"/>
  <testcase classname="com.TestNGDemos.D03Before_After_Test" name="Google" time="2.616"/>
</testsuite> <!-- com.TestNGDemos.D03Before_After_Test -->
