<?xml version="1.0" encoding="UTF-8"?>
<!-- Generated by org.testng.reporters.JUnitReportReporter -->
<testsuite hostname="Macro" failures="0" tests="1" name="com.TestNGDemos.D12WriteToExcel" time="0.044" errors="0" timestamp="2024-08-02T20:52:29 IST" skipped="0">
  <testcase classname="com.TestNGDemos.D12WriteToExcel" name="writeTheData" time="0.044"/>
</testsuite> <!-- com.TestNGDemos.D12WriteToExcel -->
